[debug] [2020-11-08T10:05:18.918Z] ----------------------------------------------------------------------
[debug] [2020-11-08T10:05:18.921Z] Command:       C:\Program Files\nodejs\node.exe C:\Users\Админ\AppData\Roaming\npm\node_modules\firebase-tools\lib\bin\firebase.js login
[debug] [2020-11-08T10:05:18.922Z] CLI Version:   8.15.1
[debug] [2020-11-08T10:05:18.922Z] Platform:      win32
[debug] [2020-11-08T10:05:18.922Z] Node Version:  v12.19.0
[debug] [2020-11-08T10:05:18.923Z] Time:          Sun Nov 08 2020 13:05:18 GMT+0300 (GMT+03:00)
[debug] [2020-11-08T10:05:18.924Z] ----------------------------------------------------------------------
[debug] [2020-11-08T10:05:18.924Z] 
[info] i  Firebase optionally collects CLI usage and error reporting information to help improve our products. Data is collected in accordance with Google's privacy policy (https://policies.google.com/privacy) and is not used to identify you.
 
[info] 
[info] Visit this URL on this device to log in:
[info] https://accounts.google.com/o/oauth2/auth?client_id=563584335869-fgrhgmd47bqnekij5i8b5pr03ho849e6.apps.googleusercontent.com&scope=email%20openid%20https%3A%2F%2Fwww.googleapis.com%2Fauth%2Fcloudplatformprojects.readonly%20https%3A%2F%2Fwww.googleapis.com%2Fauth%2Ffirebase%20https%3A%2F%2Fwww.googleapis.com%2Fauth%2Fcloud-platform&response_type=code&state=830462711&redirect_uri=http%3A%2F%2Flocalhost%3A9005
[info] 
[info] Waiting for authentication...
[debug] [2020-11-08T10:05:26.559Z] Error: spawn cmd ENOENT
    at Process.ChildProcess._handle.onexit (internal/child_process.js:267:19)
    at onErrorNT (internal/child_process.js:469:16)
    at processTicksAndRejections (internal/process/task_queues.js:84:21)
[error] 
[error] Error: An unexpected error has occurred.
